<?xml version="1.0" encoding="UTF-8"?>
<!-- Generated by org.testng.reporters.JUnitReportReporter -->
<testsuite hostname="LAPTOP-47M3800Q" failures="0" tests="1" name="auto.testcases.TestAlert" time="13.540" errors="0" timestamp="22 Jun 2018 18:23:00 GMT" skipped="0">
  <testcase classname="auto.testcases.TestAlert" name="testClickForJSAlert" time="13.540"/>
</testsuite> <!-- auto.testcases.TestAlert -->
