<?xml version="1.0" encoding="UTF-8"?>
<!-- Generated by org.testng.reporters.JUnitReportReporter -->
<testsuite hostname="LAPTOP-47M3800Q" failures="0" tests="1" name="com.mvnselfrmwrk.GetDatafromFile" time="0.014" errors="0" timestamp="22 Jun 2018 15:10:25 GMT">
  <testcase classname="com.mvnselfrmwrk.GetDatafromFile" name="getdata" time="0.014"/>
</testsuite> <!-- com.mvnselfrmwrk.GetDatafromFile -->
