<?xml version="1.0" encoding="UTF-8"?>
<!-- Generated by org.testng.reporters.JUnitReportReporter -->
<testsuite hostname="LAPTOP-47M3800Q" failures="0" tests="1" name="com.mvnselfrmwrk.NewTest" time="13.261" errors="0" timestamp="19 May 2018 07:59:39 GMT">
  <testcase classname="com.mvnselfrmwrk.NewTest" name="Test1" time="13.261"/>
</testsuite> <!-- com.mvnselfrmwrk.NewTest -->
