<?xml version="1.0" encoding="UTF-8"?>
<!-- Generated by org.testng.reporters.JUnitReportReporter -->
<testsuite hostname="LAPTOP-47M3800Q" failures="0" tests="1" name="com.mvnselfrmwrk.GetDatafromFile1" time="0.019" errors="0" timestamp="22 Jun 2018 15:15:57 GMT">
  <testcase classname="com.mvnselfrmwrk.GetDatafromFile1" name="readdata" time="0.019"/>
</testsuite> <!-- com.mvnselfrmwrk.GetDatafromFile1 -->
