<?xml version="1.0" encoding="UTF-8"?>
<!-- Generated by org.testng.reporters.JUnitReportReporter -->
<testsuite hostname="LAPTOP-47M3800Q" failures="0" tests="1" name="com.mvnselfrmwrk.NewTest" time="11.766" errors="0" timestamp="6 May 2018 15:19:31 GMT">
  <testcase classname="com.mvnselfrmwrk.NewTest" name="Test1" time="11.766"/>
</testsuite> <!-- com.mvnselfrmwrk.NewTest -->
